commit 69d0dd9c3a2554f7eac67100ce5753806462f1eb
Author: Ereida30 <priba09@gmail.com>
Date:   Fri Sep 8 20:17:11 2017 -0500

    Archivos cl1-4

 archivocl1.md | 7 +++++++
 archivocl2.md | 3 +++
 archivocl3.md | 3 +++
 archivocl4.md | 1 +
 4 files changed, 14 insertions(+)

commit 019f2cfdb93d29e71b2ce865dc69e3a0b62ed6c8
Author: Ereida30 <priba09@gmail.com>
Date:   Fri Sep 8 19:59:01 2017 -0500

     Se agrego acciones.log

 acciones.log | 35 +++++++++++++++++++++++++++++++++++
 1 file changed, 35 insertions(+)

commit b740df66ad2bd5e7d35656d375e3083ad6321f53
Author: Ereida30 <priba09@gmail.com>
Date:   Fri Sep 8 19:51:20 2017 -0500

     Se modifico el archivo1.md

 archivo1.md | 2 +-
 1 file changed, 1 insertion(+), 1 deletion(-)

commit 295d4b4fc5d56b0ee48c066646ec09241723a185
Author: Ereida30 <priba09@gmail.com>
Date:   Fri Sep 8 19:49:26 2017 -0500

    Se agrego archivo1.md

 archivo1.md | 4 ++++
 1 file changed, 4 insertions(+)

commit b553a92e5a248f4c9e5d2505c40ed4f50e4bcbdd
Author: Ereida30 <priba09@gmail.com>
Date:   Fri Sep 8 19:35:44 2017 -0500

    Initial commit

 README.md | 1 +
 1 file changed, 1 insertion(+)
